<?xml version="1.0" encoding="UTF-8"?>
<testsuite name="TestSuite" time="2.041" tests="1" errors="0" skipped="0" failures="0">
  <properties>
    <property name="java.runtime.name" value="Java(TM) SE Runtime Environment"/>
    <property name="sun.boot.library.path" value="C:\Program Files (x86)\Java\jdk1.7.0_51\jre\bin"/>
    <property name="java.vm.version" value="24.51-b03"/>
    <property name="java.vm.vendor" value="Oracle Corporation"/>
    <property name="java.vendor.url" value="http://java.oracle.com/"/>
    <property name="path.separator" value=";"/>
    <property name="guice.disable.misplaced.annotation.check" value="true"/>
    <property name="java.vm.name" value="Java HotSpot(TM) Client VM"/>
    <property name="file.encoding.pkg" value="sun.io"/>
    <property name="user.script" value=""/>
    <property name="user.country" value="US"/>
    <property name="sun.java.launcher" value="SUN_STANDARD"/>
    <property name="sun.os.patch.level" value="Service Pack 1"/>
    <property name="java.vm.specification.name" value="Java Virtual Machine Specification"/>
    <property name="user.dir" value="C:\Users\venkatragavan\git\lms\DemoLMS"/>
    <property name="java.runtime.version" value="1.7.0_51-b13"/>
    <property name="java.awt.graphicsenv" value="sun.awt.Win32GraphicsEnvironment"/>
    <property name="java.endorsed.dirs" value="C:\Program Files (x86)\Java\jdk1.7.0_51\jre\lib\endorsed"/>
    <property name="os.arch" value="x86"/>
    <property name="java.io.tmpdir" value="C:\Users\VENKAT~1\AppData\Local\Temp\"/>
    <property name="line.separator" value="&#10;"/>
    <property name="java.vm.specification.vendor" value="Oracle Corporation"/>
    <property name="user.variant" value=""/>
    <property name="os.name" value="Windows 7"/>
    <property name="classworlds.conf" value="D:\venkat\workspace\.metadata\.plugins\org.eclipse.m2e.core\launches\m2conf7380391906130798555.tmp"/>
    <property name="sun.jnu.encoding" value="Cp1252"/>
    <property name="java.library.path" value="C:\Program Files (x86)\Java\jdk1.7.0_51\bin;C:\Windows\Sun\Java\bin;C:\Windows\system32;C:\Windows;D:/venkat/eclipse-SDK-3.7-win32/eclipse/jre/bin/client;D:/venkat/eclipse-SDK-3.7-win32/eclipse/jre/bin;D:/venkat/eclipse-SDK-3.7-win32/eclipse/jre/lib/i386;C:\Program Files\Common Files\Microsoft Shared\Windows Live;C:\Program Files (x86)\Common Files\Microsoft Shared\Windows Live;C:\Windows\system32;C:\Windows;C:\Windows\System32\Wbem;C:\Windows\System32\WindowsPowerShell\v1.0\;C:\Program Files (x86)\Intel\OpenCL SDK\2.0\bin\x86;C:\Program Files (x86)\Intel\OpenCL SDK\2.0\bin\x64;C:\Program Files (x86)\Windows Live\Shared;C:\Program Files (x86)\Java\jdk1.7.0_51\bin;C:\Program Files (x86)\Java\jdk1.7.0_51\jre\bin;C:\Program Files (x86)\Groovy\Groovy-2.2.2\bin;D:\SEAutomation\grails-2.4.3\bin;C:\Program Files (x86)\Java\jdk1.7.0_51\bin;D:\apache-maven-3.2.2\bin;d:\;C:\Program Files (x86)\MySQL\MySQL Utilities 1.4.3\;C:\Program Files (x86)\MySQL\MySQL Utilities 1.4.3\Doctrine extensions for PHP\;C:\Users\venkatragavan\git\ltc\LTC\drivers\chromedriver_win32;C:\Users\venkatragavan\git\ltc\LTC\drivers\IEDriverServer_Win32_2.44.0;C:\Program Files (x86)\Git\cmd;D:\venkat\;C:\Program Files (x86)\Java\jdk1.7.0_51\bin;D:\adt-bundle-windows-x86_64-20140702\sdk;D:\adt-bundle-windows-x86_64-20140702\sdk\build-tools;D:\adt-bundle-windows-x86_64-20140702\sdk\platform-tools;C:\Users\venkatragavan\AppData\Roaming\npm;D:\venkat\eclipse-SDK-3.7-win32\eclipse;;."/>
    <property name="java.specification.name" value="Java Platform API Specification"/>
    <property name="java.class.version" value="51.0"/>
    <property name="sun.management.compiler" value="HotSpot Client Compiler"/>
    <property name="os.version" value="6.1"/>
    <property name="user.home" value="C:\Users\venkatragavan"/>
    <property name="user.timezone" value="Asia/Calcutta"/>
    <property name="java.awt.printerjob" value="sun.awt.windows.WPrinterJob"/>
    <property name="java.specification.version" value="1.7"/>
    <property name="file.encoding" value="Cp1252"/>
    <property name="user.name" value="VENKATRAGAVAN"/>
    <property name="java.class.path" value="/D:/venkat/eclipse-SDK-3.7-win32/eclipse/plugins/org.eclipse.m2e.maven.runtime_1.0.200.20111228-1245/jars/plexus-classworlds-2.4.jar"/>
    <property name="java.vm.specification.version" value="1.7"/>
    <property name="sun.arch.data.model" value="32"/>
    <property name="java.home" value="C:\Program Files (x86)\Java\jdk1.7.0_51\jre"/>
    <property name="sun.java.command" value="org.codehaus.plexus.classworlds.launcher.Launcher -B test"/>
    <property name="java.specification.vendor" value="Oracle Corporation"/>
    <property name="user.language" value="en"/>
    <property name="awt.toolkit" value="sun.awt.windows.WToolkit"/>
    <property name="java.vm.info" value="mixed mode, sharing"/>
    <property name="java.version" value="1.7.0_51"/>
    <property name="java.ext.dirs" value="C:\Program Files (x86)\Java\jdk1.7.0_51\jre\lib\ext;C:\Windows\Sun\Java\lib\ext"/>
    <property name="sun.boot.class.path" value="C:\Program Files (x86)\Java\jdk1.7.0_51\jre\lib\resources.jar;C:\Program Files (x86)\Java\jdk1.7.0_51\jre\lib\rt.jar;C:\Program Files (x86)\Java\jdk1.7.0_51\jre\lib\sunrsasign.jar;C:\Program Files (x86)\Java\jdk1.7.0_51\jre\lib\jsse.jar;C:\Program Files (x86)\Java\jdk1.7.0_51\jre\lib\jce.jar;C:\Program Files (x86)\Java\jdk1.7.0_51\jre\lib\charsets.jar;C:\Program Files (x86)\Java\jdk1.7.0_51\jre\lib\jfr.jar;C:\Program Files (x86)\Java\jdk1.7.0_51\jre\classes"/>
    <property name="java.vendor" value="Oracle Corporation"/>
    <property name="maven.home" value="C:\Users\venkatragavan\git\lms\DemoLMS\EMBEDDED"/>
    <property name="file.separator" value="\"/>
    <property name="java.vendor.url.bug" value="http://bugreport.sun.com/bugreport/"/>
    <property name="sun.cpu.endian" value="little"/>
    <property name="sun.io.unicode.encoding" value="UnicodeLittle"/>
    <property name="sun.desktop" value="windows"/>
    <property name="sun.cpu.isalist" value="pentium_pro+mmx pentium_pro pentium+mmx pentium i486 i386 i86"/>
  </properties>
  <testcase name="addCourse on [LMSTest passed=0 failed=0 skipped=0]" classname="lmsdemo.LMSTest" time="2.041"/>
</testsuite>