<?xml version="1.0" encoding="UTF-8"?>
<!-- Generated by org.testng.reporters.JUnitReportReporter -->
<testsuite hostname="D01TMC014" name="lmsdemo.LMSTest" tests="3" failures="0" timestamp="19 Aug 2015 08:38:33 GMT" time="6.156" errors="0">
  <testcase name="deleteCourse" time="2.002" classname="lmsdemo.LMSTest"/>
  <testcase name="addCourse" time="2.151" classname="lmsdemo.LMSTest"/>
  <testcase name="updateCourse" time="2.003" classname="lmsdemo.LMSTest"/>
</testsuite> <!-- lmsdemo.LMSTest -->
