<?xml version="1.0" encoding="UTF-8"?>
<!-- Generated by org.testng.reporters.JUnitReportReporter -->
<testsuite hostname="D01TMC014" name="lmsdemo.LMSTest" tests="1" failures="0" timestamp="12 Aug 2015 13:35:16 GMT" time="2.040" errors="0">
  <testcase name="addCourse" time="2.040" classname="lmsdemo.LMSTest"/>
</testsuite> <!-- lmsdemo.LMSTest -->
